
> dev
> remix vite:dev

[warn] Route discovery/manifest behavior is changing in React Router v7
┃ You can use the `v3_lazyRouteDiscovery` future flag to opt-in early.
┃ -> https://remix.run/docs/en/2.13.1/start/future-flags#v3_lazyRouteDiscovery
┗
[warn] Data fetching is changing to a single fetch in React Router v7
┃ You can use the `v3_singleFetch` future flag to opt-in early.
┃ -> https://remix.run/docs/en/2.13.1/start/future-flags#v3_singleFetch
┗
Port 5173 is in use, trying another one...
  ➜  Local:   http://localhost:5174/
  ➜  Network: use --host to expose
4:28:10 AM [vite] page reload app/routes/_index.tsx
4:29:16 AM [vite] Error when evaluating SSR module virtual:remix/server-build:
|- Error: Transform failed with 1 error:
/app/app/routes/_index.tsx:230:6: ERROR: The symbol "features" has already been declared
    at failureErrorWithLog (/app/node_modules/vite/node_modules/esbuild/lib/main.js:1472:15)
    at /app/node_modules/vite/node_modules/esbuild/lib/main.js:755:50
    at responseCallbacks.<computed> (/app/node_modules/vite/node_modules/esbuild/lib/main.js:622:9)
    at handleIncomingPacket (/app/node_modules/vite/node_modules/esbuild/lib/main.js:677:12)
    at Socket.readFromStdout (/app/node_modules/vite/node_modules/esbuild/lib/main.js:600:7)
    at Socket.emit (node:events:524:28)
    at addChunk (node:internal/streams/readable:561:12)
    at readableAddChunkPushByteMode (node:internal/streams/readable:512:3)
    at Socket.Readable.push (node:internal/streams/readable:392:5)
    at Pipe.onStreamRead (node:internal/stream_base_commons:191:23)

4:29:16 AM [vite] Internal server error: Transform failed with 1 error:
/app/app/routes/_index.tsx:230:6: ERROR: The symbol "features" has already been declared
  Plugin: vite:esbuild
  File: /app/app/routes/_index.tsx:230:6
  
  The symbol "features" has already been declared
  228|  ];
  229|  
  230|  const features = [
     |        ^
  231|    {
  232|      icon: "🎯",
  
      at failureErrorWithLog (/app/node_modules/vite/node_modules/esbuild/lib/main.js:1472:15)
      at /app/node_modules/vite/node_modules/esbuild/lib/main.js:755:50
      at responseCallbacks.<computed> (/app/node_modules/vite/node_modules/esbuild/lib/main.js:622:9)
      at handleIncomingPacket (/app/node_modules/vite/node_modules/esbuild/lib/main.js:677:12)
      at Socket.readFromStdout (/app/node_modules/vite/node_modules/esbuild/lib/main.js:600:7)
      at Socket.emit (node:events:524:28)
      at addChunk (node:internal/streams/readable:561:12)
      at readableAddChunkPushByteMode (node:internal/streams/readable:512:3)
      at Socket.Readable.push (node:internal/streams/readable:392:5)
      at Pipe.onStreamRead (node:internal/stream_base_commons:191:23)
4:30:01 AM [vite] Internal server error: Transform failed with 1 error:
/app/app/routes/_index.tsx:230:6: ERROR: The symbol "features" has already been declared
  Plugin: vite:esbuild
  File: /app/app/routes/_index.tsx:230:6
  
  The symbol "features" has already been declared
  228|  ];
  229|  
  230|  const features = [
     |        ^
  231|    {
  232|      icon: "🎯",
  
      at failureErrorWithLog (/app/node_modules/vite/node_modules/esbuild/lib/main.js:1472:15)
      at /app/node_modules/vite/node_modules/esbuild/lib/main.js:755:50
      at responseCallbacks.<computed> (/app/node_modules/vite/node_modules/esbuild/lib/main.js:622:9)
      at handleIncomingPacket (/app/node_modules/vite/node_modules/esbuild/lib/main.js:677:12)
      at Socket.readFromStdout (/app/node_modules/vite/node_modules/esbuild/lib/main.js:600:7)
      at Socket.emit (node:events:524:28)
      at addChunk (node:internal/streams/readable:561:12)
      at readableAddChunkPushByteMode (node:internal/streams/readable:512:3)
      at Socket.Readable.push (node:internal/streams/readable:392:5)
      at Pipe.onStreamRead (node:internal/stream_base_commons:191:23)
4:30:05 AM [vite] Internal server error: Transform failed with 1 error:
/app/app/routes/_index.tsx:230:6: ERROR: The symbol "features" has already been declared
  Plugin: vite:esbuild
  File: /app/app/routes/_index.tsx:230:6
  
  The symbol "features" has already been declared
  228|  ];
  229|  
  230|  const features = [
     |        ^
  231|    {
  232|      icon: "🎯",
  
      at failureErrorWithLog (/app/node_modules/vite/node_modules/esbuild/lib/main.js:1472:15)
      at /app/node_modules/vite/node_modules/esbuild/lib/main.js:755:50
      at responseCallbacks.<computed> (/app/node_modules/vite/node_modules/esbuild/lib/main.js:622:9)
      at handleIncomingPacket (/app/node_modules/vite/node_modules/esbuild/lib/main.js:677:12)
      at Socket.readFromStdout (/app/node_modules/vite/node_modules/esbuild/lib/main.js:600:7)
      at Socket.emit (node:events:524:28)
      at addChunk (node:internal/streams/readable:561:12)
      at readableAddChunkPushByteMode (node:internal/streams/readable:512:3)
      at Socket.Readable.push (node:internal/streams/readable:392:5)
      at Pipe.onStreamRead (node:internal/stream_base_commons:191:23)
